Academic license - for non-commercial use only
Optimize a model with 3775 rows, 2550 columns and 9950 nonzeros
Variable types: 50 continuous, 2500 integer (2500 binary)
Coefficient statistics:
  Matrix range     [1e+00, 1e+06]
  Objective range  [1e+00, 1e+00]
  Bounds range     [1e+00, 1e+00]
  RHS range        [1e+00, 3e+03]
Presolve removed 1296 rows and 1280 columns
Presolve time: 0.03s
Presolved: 2479 rows, 1270 columns, 7308 nonzeros
Variable types: 50 continuous, 1220 integer (1220 binary)

Root relaxation: objective 5.000000e+00, 706 iterations, 0.01 seconds

    Nodes    |    Current Node    |     Objective Bounds      |     Work
 Expl Unexpl |  Obj  Depth IntInf | Incumbent    BestBd   Gap | It/Node Time

     0     0    5.00000    0   21          -    5.00000      -     -    0s
     0     0    5.00000    0   22          -    5.00000      -     -    0s
     0     0    5.00000    0   25          -    5.00000      -     -    0s
     0     0    5.00000    0   23          -    5.00000      -     -    0s
     0     0    5.00000    0   17          -    5.00000      -     -    0s
     0     0    5.00000    0   20          -    5.00000      -     -    0s
     0     0    5.00000    0   20          -    5.00000      -     -    0s
     0     0    5.00000    0   21          -    5.00000      -     -    0s
     0     0    5.00000    0   16          -    5.00000      -     -    0s
     0     2    5.00000    0   16          -    5.00000      -     -    1s
H  119   110                      24.0000000    5.00000  79.2%   9.9    1s
H  223   157                      22.0000000    5.00000  77.3%   6.6    2s
   748   566   13.00000  115   30   22.00000    5.00000  77.3%   9.4    5s
  2083  1299   13.00003  150   23   22.00000    5.00001  77.3%  10.9   10s
* 2258  1303             185      21.0000100    5.00001  76.2%  10.7   10s
* 2263  1273             186      21.0000010    5.00001  76.2%  10.7   10s
H 2311  1220                      20.0000000    5.00001  75.0%  10.7   12s
  3010  1664    7.00000   34   29   20.00000    5.00001  75.0%  10.6   15s
H 3732  2186                      19.0000000    5.00001  73.7%  10.5   18s
  4191  2546    9.00001   50   37   19.00000    5.00001  73.7%  10.8   20s
  6405  4113 infeasible   74        19.00000    5.00001  73.7%  10.9   26s
  8003  5239 infeasible  126        19.00000    5.00001  73.7%  11.1   30s
 11294  7276   16.00000   55   37   19.00000    5.00001  73.7%  10.8   35s
*11554  6941             139      18.0000000    5.00001  72.2%  10.9   35s
*12972  6909             156      17.0000000    5.00001  70.6%  11.2   39s
 13121  7109 infeasible   64        17.00000    5.00001  70.6%  11.2   40s
*13652  6276             129      16.0000000    5.00001  68.7%  11.3   41s
*14556  5776             149      15.0000000    5.00001  66.7%  11.3   42s
 15069  6118   10.00000   32   72   15.00000    5.00001  66.7%  11.5   46s
 17149  7261   14.00000   45   50   15.00000    5.00001  66.7%  11.6   51s
 18403  8008 infeasible  106        15.00000    5.00001  66.7%  11.7   55s
 21171  9465   10.00000   28   16   15.00000    5.00001  66.7%  11.9   85s
 21179  9470    7.00001   30   22   15.00000    5.00001  66.7%  11.9   90s
 21183  9473    6.00000   25   18   15.00000    5.00001  66.7%  11.9   95s
 21286  9542    6.00000   37   23   15.00000    5.00001  66.7%  12.3  101s
 21993  9883   13.00002   61   43   15.00000    5.00001  66.7%  12.3  107s
 22903 10164    8.00000   42   27   15.00000    5.00001  66.7%  12.4  110s
 24510 10628   11.00001   42   26   15.00000    5.00001  66.7%  12.5  116s
 25902 10966    6.00000   43   48   15.00000    5.00001  66.7%  12.7  120s
H27494 10496                      14.0000000    5.00001  64.3%  13.0  127s
 28353 10649 infeasible   80        14.00000    5.00001  64.3%  13.0  131s
 29592 10910   12.00000   44   30   14.00000    5.00001  64.3%  13.2  136s
 30362 10931   13.00000   65   39   14.00000    5.00001  64.3%  13.3  141s
 31396 11086   12.00000   63   30   14.00000    5.00001  64.3%  13.4  145s
 32990 11298   13.00000   55   24   14.00000    5.00001  64.3%  13.5  150s
H34444  9751                      13.0000000    5.00001  61.5%  13.7  154s
 34698  9729     cutoff   53        13.00000    5.00001  61.5%  13.8  155s
 35767  9803 infeasible   46        13.00000    5.00001  61.5%  13.9  163s
 36296  9819    8.00000   43   27   13.00000    5.00001  61.5%  14.0  165s
 37784 10093 infeasible   48        13.00000    5.00001  61.5%  14.1  170s
 39904 10375     cutoff   59        13.00000    5.00001  61.5%  14.3  175s
 41170 10546   11.00001   59   49   13.00000    5.00001  61.5%  14.3  180s
 42444 10629   12.00000   56   20   13.00000    5.00001  61.5%  14.5  185s
 43210 10728 infeasible   54        13.00000    5.00001  61.5%  14.6  190s
 45039 10791   12.00000   51   37   13.00000    5.00001  61.5%  14.8  195s
 45964 10891     cutoff   86        13.00000    5.00001  61.5%  14.9  200s
 46987 11045 infeasible   57        13.00000    5.00001  61.5%  14.9  205s
 48899 11838 infeasible   70        13.00000    5.00001  61.5%  15.1  211s
 50807 12711   12.00000   54   25   13.00000    5.00001  61.5%  15.0  215s
 51629 13103 infeasible   48        13.00000    5.00001  61.5%  15.1  220s
 53537 13999    5.00001   35   28   13.00000    5.00001  61.5%  15.2  225s
H54140 10882                      12.0000000    5.00001  58.3%  15.2  227s
 54708 11068    9.00000   58   48   12.00000    5.00001  58.3%  15.3  230s
 56676 11744     cutoff   49        12.00000    5.00001  58.3%  15.4  237s
 57160 11875   10.00000   42   40   12.00000    5.00001  58.3%  15.4  240s
 58588 12424    8.00000   40   31   12.00000    5.00001  58.3%  15.6  245s
 60111 12932    9.00000   48   28   12.00000    5.00001  58.3%  15.7  251s
 61041 13264 infeasible   49        12.00000    5.00001  58.3%  15.7  255s
 62176 13631 infeasible   51        12.00000    5.00001  58.3%  15.8  261s
 63663 14225 infeasible   72        12.00000    5.00001  58.3%  15.9  265s
 65068 14732   11.00000   49   49   12.00000    5.00001  58.3%  15.9  270s
 66285 15166    9.00000   45   25   12.00000    5.00001  58.3%  16.0  275s
 67382 15622   10.00001   62   64   12.00000    5.00001  58.3%  16.0  281s
 68580 16013 infeasible   45        12.00000    5.00001  58.3%  16.1  285s
 70354 16564    8.00000   42   46   12.00000    5.00001  58.3%  16.1  290s
 71942 17073 infeasible   43        12.00000    5.00001  58.3%  16.2  296s
 73120 17476   10.00000   44   28   12.00000    5.00001  58.3%  16.2  300s

Cutting planes:
  Flow cover: 7

Explored 73183 nodes (1196363 simplex iterations) in 300.03 seconds
Thread count was 4 (of 4 available processors)

Solution count 10: 12 13 14 ... 21

Time limit reached
Best objective 1.200000000000e+01, best bound 6.000000000000e+00, gap 50.0000%
value of n:
50
value of card_S:
50
S precedence tuples:
Tuple{Int64,Int64}[(5, 9), (42, 5), (1, 3), (38, 36), (24, 17), (26, 23), (5, 44), (3, 42), (49, 30), (21, 28), (37, 7), (26, 2), (28, 8), (2, 22), (6, 24), (2, 34), (16, 14), (49, 8), (32, 27), (12, 33), (9, 15), (40, 33), (23, 40), (39, 7), (6, 32), (35, 11), (39, 36), (16, 22), (47, 38), (33, 20), (28, 47), (9, 43), (14, 15), (35, 16), (48, 25), (47, 37), (21, 18), (12, 22), (48, 18), (44, 28), (31, 28), (15, 45), (41, 20), (24, 3), (31, 45), (6, 34), (43, 21), (46, 20), (48, 50), (32, 23)]
values of t:
[87, 15, 59, 15, 57, 84, 72, 94, 82, 86, 27, 20, 50, 40, 73, 46, 66, 67, 50, 9, 50, 4, 44, 69, 46, 83, 85, 71, 52, 15, 64, 79, 34, 95, 98, 22, 52, 90, 5, 76, 23, 92, 70, 24, 96, 87, 18, 7, 20, 16]
values of d:
[1389, 1338, 792, 1326, 2669, 1850, 753, 373, 904, 1275, 2237, 467, 2041, 355, 378, 768, 759, 1890, 1454, 1870, 897, 620, 2439, 2383, 922, 678, 806, 1653, 496, 1503, 1797, 873, 2133, 2424, 1723, 2231, 246, 2444, 2604, 920, 920, 2243, 1803, 1104, 388, 2419, 1186, 2301, 909, 1135]
========================================================================
Parado por limite de tempo ou iterações.
Número de nós explorados: 73183
Melhor limitante dual: 6.00
Melhor limitante primal: 12.00
Gap de otimalidade: 50.00
Tempo de execução: 300.03
