Academic license - for non-commercial use only
Warning for adding constraints: zero or small (< 1e-13) coefficients, ignored
Optimize a model with 7651 rows, 2600 columns and 27350 nonzeros
Variable types: 100 continuous, 2500 integer (2500 binary)
Coefficient statistics:
  Matrix range     [1e+00, 3e+03]
  Objective range  [7e+01, 9e+02]
  Bounds range     [1e+00, 1e+00]
  RHS range        [1e+00, 3e+03]
Presolve removed 1375 rows and 50 columns
Presolve time: 0.08s
Presolved: 6276 rows, 2550 columns, 24600 nonzeros
Variable types: 100 continuous, 2450 integer (2450 binary)

Root relaxation: objective 0.000000e+00, 456 iterations, 0.03 seconds

    Nodes    |    Current Node    |     Objective Bounds      |     Work
 Expl Unexpl |  Obj  Depth IntInf | Incumbent    BestBd   Gap | It/Node Time

     0     0    0.00000    0   27          -    0.00000      -     -    0s
     0     0    0.00000    0  127          -    0.00000      -     -    0s
     0     0    0.00000    0   39          -    0.00000      -     -    1s
     0     0    0.00000    0   18          -    0.00000      -     -    1s
     0     0    0.00000    0   26          -    0.00000      -     -    2s
     0     0    0.00000    0   22          -    0.00000      -     -    2s
     0     0    0.00000    0   18          -    0.00000      -     -    2s
     0     0    0.00000    0   18          -    0.00000      -     -    2s
     0     0    0.00000    0   17          -    0.00000      -     -    3s
     0     0    0.00000    0   17          -    0.00000      -     -    3s
H    0     0                    9010721.0000    0.00000   100%     -    3s
H    0     0                    7369504.0000    0.00000   100%     -    4s
     0     2    0.00000    0    6 7369504.00    0.00000   100%     -    4s
    14    15    0.00000    8   73 7369504.00    0.00000   100%  63.2    5s
    21    22    0.00000   11   42 7369504.00    0.00000   100%   289   11s
H   43    42                    7147066.0000    0.00000   100%   257   13s
   121   122    0.00000   61   42 7147066.00    0.00000   100%   253   15s
   345   346    0.00000  175   56 7147066.00    0.00000   100%   226   20s
H  502   482                    6772322.0000    0.00000   100%   220   23s
   638   639    0.00000  308   54 6772322.00    0.00000   100%   222   26s
   861   862    0.00000  421   22 6772322.00    0.00000   100%   223   31s
  1071  1072    0.00000  511   16 6772322.00    0.00000   100%   219   39s
H 1110  1072                    6528063.0000    0.00000   100%   217   39s
H 1150  1112                    6503179.0000    0.00000   100%   217   39s
  1151  1152    0.00000  551   20 6503179.00    0.00000   100%   218   41s
  1344  1345    0.00000  644   38 6503179.00    0.00000   100%   217   45s
H 1409  1392                    6017933.0000    0.00000   100%   217   45s
  1691  1692    0.00000  811   28 6017933.00    0.00000   100%   218   52s
  1931  1932    0.00000  931   37 6017933.00    0.00000   100%   217   57s
  2201  2202    0.00000 1061   21 6017933.00    0.00000   100%   216   65s
  2341  2342    0.00000 1131   32 6017933.00    0.00000   100%   215   70s
  2651  2652    0.00000 1281   20 6017933.00    0.00000   100%   211   76s
  2985  2986    0.00000 1451   49 6017933.00    0.00000   100%   208   82s
  3089  3093    0.00000 1501   24 6017933.00    0.00000   100%   206   88s
H 3235  3141                    5199382.0000    0.00000   100%   202   88s
  3236  3223    0.00000 1549   56 5199382.00    0.00000   100%   202   92s
  3440  3430  260.82087 1647   48 5199382.00    0.00000   100%   200   96s
  3689  3663    0.00000 1260   17 5199382.00    0.00000   100%   199  100s
  3701  3671    0.00000  899   27 5199382.00    0.00000   100%   198  105s
  3712  3681    0.00000   11   10 5199382.00    0.00000   100%   205  110s
  3738  3699 8136.00000   17   29 5199382.00    0.00000   100%   204  119s
  3749  3704    0.00000   20   27 5199382.00    0.00000   100%   204  120s
  3898  3797    0.00000   38   58 5199382.00    0.00000   100%   197  125s
  3927  3814 7998.00000   40   61 5199382.00    0.00000   100%   196  130s
  4285  4020    0.00000   70   48 5199382.00    0.00000   100%   182  135s
  4465  4137 8249.00000  110   48 5199382.00    0.00000   100%   178  141s
  5601  4760    0.00000   81   16 5199382.00    0.00000   100%   145  145s
  6851  5291 232538.000  306   10 5199382.00    0.00000   100%   121  150s
  7136  5372 27973.0000  128   65 5199382.00    0.00000   100%   116  155s
H 7280  5137                    3690597.0000    0.00000   100%   114  155s
  8138  5615 8556.00000  154   72 3690597.00    0.00000   100%   103  160s
 10378  6940    0.00000  154   71 3690597.00    0.00000   100%  83.8  165s
 13601  8650    0.00000  198   18 3690597.00    0.00000   100%  66.6  170s
 15169  9867 21583.0000  151   11 3690597.00    0.00000   100%  61.2  195s
 17977 12284    0.00000  181   16 3690597.00    0.00000   100%  53.5  201s
 19629 13737    0.00000  191   49 3690597.00    0.00000   100%  50.1  205s
 20172 14200    0.00000  200   39 3690597.00    0.00000   100%  49.1  210s
 22542 16220    0.00000  227   36 3690597.00    0.00000   100%  45.1  215s
 24088 17519    0.00000  161   52 3690597.00    0.00000   100%  42.6  220s
 26425 19461     cutoff  355      3690597.00    0.00000   100%  39.8  225s
 28040 20865 65856.0000  168   30 3690597.00    0.00000   100%  38.6  232s
 29943 22567 13120.0000  131   46 3690597.00    0.00000   100%  36.7  235s
 32116 24424 84756.0000  244   44 3690597.00    0.00000   100%  35.1  240s
 33229 25468    0.00000  353   43 3690597.00    0.00000   100%  34.4  245s
 35761 27583    0.00000  413   27 3690597.00    0.00000   100%  32.8  250s
 38287 29358 1998689.53  393    6 3690597.00    0.00000   100%  31.1  256s
 39678 30425     cutoff  181      3690597.00    0.00000   100%  30.5  260s
 42200 31901 387632.472  256    4 3690597.00    0.00000   100%  29.1  265s
 43368 32478    0.00000  244   10 3690597.00    0.00000   100%  28.6  272s
H43657 32547                    3681053.0000    0.00000   100%  28.5  274s
 44189 32950 739182.000  253   13 3681053.00    0.00000   100%  28.2  275s
 45548 33298 40761.1956  220    8 3681053.00    0.00000   100%  27.7  280s
 46621 33449 infeasible  223      3681053.00    0.00000   100%  27.4  285s
 47698 33622     cutoff  219      3681053.00    0.00000   100%  27.0  290s
 48499 33704 1755437.56  222    2 3681053.00    0.00000   100%  26.7  295s
 49724 33849 infeasible  224      3681053.00    0.00000   100%  26.4  300s

Cutting planes:
  Implied bound: 41
  MIR: 1
  Flow cover: 11

Explored 49884 nodes (1331810 simplex iterations) in 300.01 seconds
Thread count was 4 (of 4 available processors)

Solution count 10: 3.68105e+06 3.6906e+06 5.19938e+06 ... 9.01072e+06

Time limit reached
Best objective 3.681053000000e+06, best bound 0.000000000000e+00, gap 100.0000%
===============================
Parado por limite de tempo ou iteracões.
Número de nós explorados: 49884
Melhor limitante dual: 0.00
Melhor limitante primal: 3681053.00
Gap de otimalidade: 100.00
Tempo de execucão: 300.01
