Academic license - for non-commercial use only
Warning for adding constraints: zero or small (< 1e-13) coefficients, ignored
Optimize a model with 1261 rows, 440 columns and 4340 nonzeros
Variable types: 40 continuous, 400 integer (400 binary)
Coefficient statistics:
  Matrix range     [1e+00, 9e+02]
  Objective range  [7e+01, 1e+03]
  Bounds range     [1e+00, 1e+00]
  RHS range        [1e+00, 1e+03]
Presolve removed 250 rows and 20 columns
Presolve time: 0.02s
Presolved: 1011 rows, 420 columns, 3840 nonzeros
Variable types: 40 continuous, 380 integer (380 binary)

Root relaxation: objective 0.000000e+00, 121 iterations, 0.00 seconds

    Nodes    |    Current Node    |     Objective Bounds      |     Work
 Expl Unexpl |  Obj  Depth IntInf | Incumbent    BestBd   Gap | It/Node Time

     0     0    0.00000    0   14          -    0.00000      -     -    0s
     0     0    0.00000    0   34          -    0.00000      -     -    0s
     0     0    0.00000    0    4          -    0.00000      -     -    0s
     0     0    0.00000    0    8          -    0.00000      -     -    0s
     0     0    0.00000    0    9          -    0.00000      -     -    0s
H    0     0                    1875952.0000    0.00000   100%     -    0s
     0     0    0.00000    0   12 1875952.00    0.00000   100%     -    0s
     0     0    0.00000    0    7 1875952.00    0.00000   100%     -    0s
     0     0    0.00000    0    8 1875952.00    0.00000   100%     -    0s
     0     0    0.00000    0    8 1875952.00    0.00000   100%     -    0s
H    0     0                    610700.00000    0.00000   100%     -    0s
     0     2    0.00000    0    8 610700.000    0.00000   100%     -    0s
   870   777 7320.00000   29   17 610700.000    0.00000   100%  39.7    5s
H  922   773                    478098.00000    0.00000   100%  37.8    7s
  6742  3788 295834.000   90    6 478098.000    0.00000   100%  10.7   10s
H12481  6791                    411734.00000    0.00000   100%   8.3   12s
 17446  8045 403624.000   97    6 411734.000    0.00000   100%   7.8   15s
H18071  8138                    343800.00000    0.00000   100%   7.7   15s
 20829  8412 infeasible  100      343800.000    0.00000   100%   7.6   25s
 27289 11077    0.00000   40   21 343800.000    0.00000   100%   7.8   30s
 31899 12575     cutoff   99      343800.000    0.00000   100%   8.0   35s
 36834 13122 infeasible  107      343800.000    0.00000   100%   8.1   40s
 42539 14213 294632.751   99    2 343800.000    0.00000   100%   8.3   45s
 47182 14832 143798.152  104    7 343800.000    0.00000   100%   8.4   50s
H48335 14988                    321190.00000    0.00000   100%   8.4   51s
 52868 15608 infeasible  100      321190.000    0.00000   100%   8.5   55s
H54119 15521                    257611.00000    0.00000   100%   8.5   56s
H56378 15977                    256145.00000    0.00000   100%   8.5   58s
 59179 16091 63039.0000  102    8 256145.000    0.00000   100%   8.5   60s
 64552 16709    0.00000   84   14 256145.000    0.00000   100%   8.6   65s
H68435 17446                    241750.00000    0.00000   100%   8.6   68s
 70026 17713     cutoff   99      241750.000    0.00000   100%   8.6   70s
 75018 19806 47880.0000   58   14 241750.000    0.00000   100%   8.7   75s
 80909 22934    0.00000  116    8 241750.000    0.00000   100%   8.7   80s
 85707 24038 infeasible  111      241750.000    0.00000   100%   8.8   85s
 91472 24521     cutoff  114      241750.000    0.00000   100%   8.9   90s
 96963 24979     cutoff  121      241750.000    0.00000   100%   8.9   95s
 102282 25379    0.00000  105   12 241750.000    0.00000   100%   8.9  100s
 106942 25779     cutoff  114      241750.000    0.00000   100%   8.9  105s
 111790 26159 28030.0000   99   12 241750.000    0.00000   100%   9.0  110s
 116704 26834 2626.00000  116    9 241750.000    0.00000   100%   9.1  115s
 123087 27318 96217.5337  119    5 241750.000    0.00000   100%   9.1  120s
 127813 27826 44588.8836  115   11 241750.000    0.00000   100%   9.1  125s
 134004 28315 26289.4256  116    4 241750.000    0.00000   100%   9.1  130s
 139769 28656     cutoff  120      241750.000    0.00000   100%   9.2  135s
 145513 28916 infeasible  124      241750.000    0.00000   100%   9.2  140s
 150945 29575    0.00000  114   10 241750.000    0.00000   100%   9.2  145s
 157086 29973    0.00000  110   12 241750.000    0.00000   100%   9.2  150s
 161995 30409 58074.8571  124    4 241750.000    0.00000   100%   9.3  155s
 167463 31133 4160.92852  115    8 241750.000    0.00000   100%   9.3  160s
 172898 31723     cutoff  124      241750.000    0.00000   100%   9.3  165s
 178079 32089    0.00000  127    4 241750.000    0.00000   100%   9.3  170s
 185792 32803 infeasible  122      241750.000    0.00000   100%   9.3  175s
H190390 32814                    195022.00000    0.00000   100%   9.4  179s
 190845 32888    0.00000  115   12 195022.000    0.00000   100%   9.4  180s
 196634 34234 10031.8051  115    4 195022.000    0.00000   100%   9.4  185s
 202737 36244    0.00000   78   15 195022.000    0.00000   100%   9.4  190s
 208784 39021 infeasible   80      195022.000    0.00000   100%   9.4  195s
 215188 42034 93286.6240   77   10 195022.000    0.00000   100%   9.4  200s
 220170 42890    0.00000   56   11 195022.000    0.00000   100%   9.4  205s
 225423 43766    0.00000   61   13 195022.000    0.00000   100%   9.4  210s
 230271 44332 infeasible   71      195022.000    0.00000   100%   9.4  215s
 235386 45299 6420.00000  124    9 195022.000    0.00000   100%   9.4  220s
 239755 45908    0.00000   53    8 195022.000    0.00000   100%   9.4  225s
 242966 46379 21045.0000   57    8 195022.000    0.00000   100%   9.4  230s
 247282 47179 46550.0000   55   16 195022.000    0.00000   100%   9.4  235s
 252684 48111 infeasible   63      195022.000    0.00000   100%   9.4  240s
 257935 48847 infeasible   67      195022.000    0.00000   100%   9.4  245s
 263123 49941 infeasible   73      195022.000    0.00000   100%   9.4  250s
 269127 50756 2444.00000   64   10 195022.000    0.00000   100%   9.3  255s
 275101 51491     cutoff   72      195022.000    0.00000   100%   9.3  260s
 279888 52014 110561.920   74    6 195022.000    0.00000   100%   9.3  265s
 284986 52943 80467.7835   60   12 195022.000    0.00000   100%   9.4  270s
 289298 53422 19345.0000   52    8 195022.000    0.00000   100%   9.4  275s
 293363 54137  227.76796   68   12 195022.000    0.00000   100%   9.3  280s
 300872 55530    0.00000   64   13 195022.000    0.00000   100%   9.3  285s
 306699 56503 69304.6569   64    6 195022.000    0.00000   100%   9.3  290s
 311907 57288 80565.0928   72   12 195022.000    0.00000   100%   9.3  295s
 317906 58184 infeasible   73      195022.000    0.00000   100%   9.3  300s

Cutting planes:
  Implied bound: 26
  MIR: 2
  Flow cover: 14

Explored 317963 nodes (2947535 simplex iterations) in 300.00 seconds
Thread count was 4 (of 4 available processors)

Solution count 10: 195022 241750 256145 ... 1.87595e+06

Time limit reached
Best objective 1.950219999999e+05, best bound 0.000000000000e+00, gap 100.0000%
===============================
Parado por limite de tempo ou iteracões.
Número de nós explorados: 317963
Melhor limitante dual: 0.00
Melhor limitante primal: 195022.00
Gap de otimalidade: 100.00
Tempo de execucão: 300.00
