Academic license - for non-commercial use only
Warning for adding constraints: zero or small (< 1e-13) coefficients, ignored
Optimize a model with 331 rows, 120 columns and 1070 nonzeros
Variable types: 20 continuous, 100 integer (100 binary)
Coefficient statistics:
  Matrix range     [1e+00, 4e+02]
  Objective range  [6e+01, 8e+02]
  Bounds range     [1e+00, 1e+00]
  RHS range        [1e+00, 5e+02]
Presolve removed 75 rows and 10 columns
Presolve time: 0.00s
Presolved: 256 rows, 110 columns, 920 nonzeros
Variable types: 20 continuous, 90 integer (90 binary)

Root relaxation: objective 0.000000e+00, 58 iterations, 0.00 seconds

    Nodes    |    Current Node    |     Objective Bounds      |     Work
 Expl Unexpl |  Obj  Depth IntInf | Incumbent    BestBd   Gap | It/Node Time

     0     0    0.00000    0    6          -    0.00000      -     -    0s
     0     0    0.00000    0   16          -    0.00000      -     -    0s
     0     0    0.00000    0    5          -    0.00000      -     -    0s
     0     0    0.00000    0    9          -    0.00000      -     -    0s
     0     0    0.00000    0    6          -    0.00000      -     -    0s
     0     0    0.00000    0    9          -    0.00000      -     -    0s
     0     0    0.00000    0    5          -    0.00000      -     -    0s
     0     0    0.00000    0    4          -    0.00000      -     -    0s
H    0     0                    430791.00000    0.00000   100%     -    0s
     0     0    0.00000    0    7 430791.000    0.00000   100%     -    0s
     0     0    0.00000    0    8 430791.000    0.00000   100%     -    0s
     0     0    0.00000    0    8 430791.000    0.00000   100%     -    0s
H    0     0                    176986.00000    0.00000   100%     -    0s
     0     2    0.00000    0    8 176986.000    0.00000   100%     -    0s
*  365   248              34    175073.00000    0.00000   100%   8.4    0s
*  435   279              42    152166.00000    0.00000   100%   8.5    0s
*  875   441              27    151942.00000    0.00000   100%  10.5    0s
*  931   433              31    130359.00000    0.00000   100%  10.2    0s
*  990   431              26    83987.000000    0.00000   100%  10.1    1s
H 1686   477                    74498.000000    0.00000   100%   8.7    1s
* 2598   537              34    74350.000000    0.00000   100%   8.0    1s
* 2611   533              36    67658.000000    0.00000   100%   8.0    1s
* 2795   564              49    54639.000000    0.00000   100%   7.8    1s
 12242  2393     cutoff   29      54639.0000    0.00000   100%   6.9    5s
 21215  3695 infeasible   36      54639.0000    0.00000   100%   6.9   11s
 27890  4986    0.00000   32   12 54639.0000    0.00000   100%   7.8   15s
 36712  6308     cutoff   32      54639.0000    0.00000   100%   8.7   20s
 44948  7902  638.36298   43    8 54639.0000    0.00000   100%   9.1   25s
 53997  9586 infeasible   29      54639.0000    0.00000   100%   9.3   30s
 62979 10812     cutoff   44      54639.0000    0.00000   100%   9.5   35s
*68904 11487              43    52871.000000    0.00000   100%   9.7   37s
H69090 11422                    42543.000000    0.00000   100%   9.7   38s
 72148 11686   43.15673   43   11 42543.0000    0.00000   100%   9.7   40s
H76608 12180                    37671.000000    0.00000   100%   9.8   42s
 81312 12862    0.00000   27    9 37671.0000    0.00000   100%   9.8   45s
H85579 13661                    36159.000000    0.00000   100%   9.9   47s
 90533 14434  137.43124   40    9 36159.0000    0.00000   100%   9.9   50s
 99986 16056     cutoff   40      36159.0000    0.00000   100%  10.0   55s
H105404 17178                    36158.749098    0.00000   100%  10.0   57s
 110769 18357  910.54740   35    6 36158.7491    0.00000   100%  10.0   60s
 120757 19735  573.33588   39    8 36158.7491    0.00000   100%  10.1   65s
 129512 21060     cutoff   38      36158.7491    0.00000   100%  10.2   70s
 139717 22697    0.00000   45    9 36158.7491    0.00000   100%  10.2   75s
 150038 24279 7656.43807   31    6 36158.7491    0.00000   100%  10.2   80s
 160447 25976 infeasible   34      36158.7491    0.00000   100%  10.2   85s
 171917 27843 23631.1912   46   12 36158.7491    0.00000   100%  10.3   90s
 181776 29218     cutoff   44      36158.7491    0.00000   100%  10.3   95s
 192331 30484 14148.7357   40    4 36158.7491    0.00000   100%  10.3  100s
 201205 31841 infeasible   34      36158.7491    0.00000   100%  10.3  105s
 209078 32784 infeasible   31      36158.7491    0.00000   100%  10.3  110s
 216393 34084 infeasible   37      36158.7491    0.00000   100%  10.4  115s
 223613 35085 12573.0000   27    7 36158.7491    0.00000   100%  10.4  120s
 231465 36113   44.60475   42    8 36158.7491    0.00000   100%  10.4  125s
 240279 37328 infeasible   37      36158.7491    0.00000   100%  10.4  130s
 248851 38495 23627.2685   35    9 36158.7491    0.00000   100%  10.4  135s
 259231 39806    0.17686   38   11 36158.7491    0.00000   100%  10.3  140s
 268698 41324 infeasible   39      36158.7491    0.00000   100%  10.3  145s
 278411 42495 infeasible   34      36158.7491    0.00000   100%  10.3  150s
 287428 43735   60.85083   41    6 36158.7491    0.00000   100%  10.3  155s
 297389 44947    0.00000   27    9 36158.7491    0.00000   100%  10.3  160s
 306041 46301   48.73913   37    7 36158.7491    0.00000   100%  10.3  165s
 315186 47883 5478.92681   40    6 36158.7491    0.00000   100%  10.3  170s
 324115 49245 3507.13002   40    8 36158.7491    0.00000   100%  10.4  175s
 332773 50530 infeasible   39      36158.7491    0.00000   100%  10.4  180s
 342946 51986     cutoff   41      36158.7491    0.00000   100%  10.4  185s
 352311 53481    0.00000   39    9 36158.7491    0.00000   100%  10.4  190s
 363536 55029  428.83143   45    9 36158.7491    0.00000   100%  10.4  195s
 374419 56599  472.00000   53   10 36158.7491    0.00000   100%  10.4  200s
 384269 58454 infeasible   44      36158.7491    0.00000   100%  10.4  205s
 393362 59808 infeasible   49      36158.7491    0.00000   100%  10.4  210s
 402318 61546     cutoff   43      36158.7491    0.00000   100%  10.4  215s
 411924 62940 infeasible   49      36158.7491    0.00000   100%  10.5  220s
 421295 64231  316.61832   52    8 36158.7491    0.00000   100%  10.5  225s
 430935 66387   66.25232   47   11 36158.7491    0.00000   100%  10.5  230s
 440597 67893   35.70889   49    9 36158.7491    0.00000   100%  10.5  235s
 450488 69481 8352.26531   47   11 36158.7491    0.00000   100%  10.5  240s
 461108 71235    0.00000   38    7 36158.7491    0.00000   100%  10.5  245s
 471037 72610     cutoff   50      36158.7491    0.00000   100%  10.5  250s
 480270 73989 5495.28929   57   12 36158.7491    0.00000   100%  10.5  255s
 489692 75732    0.00000   39    6 36158.7491    0.00000   100%  10.5  260s
 499193 76983  107.35846   48    9 36158.7491    0.00000   100%  10.5  265s
 509058 78534     cutoff   48      36158.7491    0.00000   100%  10.5  270s
 519274 79333   69.67500   42    9 36158.7491    0.64954   100%  10.5  275s
 530693 79962 1458.66667   36    7 36158.7491    2.72702   100%  10.5  280s
 542137 82714  318.19861   51   13 36158.7491    3.19896   100%  10.5  285s
 555404 84647 21339.0000   53    8 36158.7491    4.06897   100%  10.4  290s
 565796 85308 infeasible   36      36158.7491    5.10577   100%  10.4  295s
 577369 86674 5366.12559   32    6 36158.7491    5.74749   100%  10.3  300s

Cutting planes:
  Gomory: 3
  Implied bound: 24
  MIR: 4
  Flow cover: 25
  Inf proof: 1

Explored 577541 nodes (5963216 simplex iterations) in 300.01 seconds
Thread count was 4 (of 4 available processors)

Solution count 10: 36158.7 36159 37671 ... 83987

Time limit reached
Best objective 3.615874909757e+04, best bound 5.814903846150e+00, gap 99.9839%
===============================
Parado por limite de tempo ou iteracões.
Número de nós explorados: 577541
Melhor limitante dual: 5.81
Melhor limitante primal: 36158.75
Gap de otimalidade: 99.98
Tempo de execucão: 300.01
