Academic license - for non-commercial use only
Optimize a model with 2770 rows, 672 columns and 8760 nonzeros
Variable types: 0 continuous, 672 integer (672 binary)
Coefficient statistics:
  Matrix range     [1e+00, 1e+00]
  Objective range  [4e+00, 4e+01]
  Bounds range     [1e+00, 1e+00]
  RHS range        [1e+00, 4e+00]
Found heuristic solution: objective 5114.0000000
Presolve time: 0.01s
Presolved: 2770 rows, 672 columns, 8760 nonzeros
Variable types: 0 continuous, 672 integer (672 binary)

Root relaxation: objective 0.000000e+00, 669 iterations, 0.08 seconds

    Nodes    |    Current Node    |     Objective Bounds      |     Work
 Expl Unexpl |  Obj  Depth IntInf | Incumbent    BestBd   Gap | It/Node Time

     0     0    0.00000    0  200 5114.00000    0.00000   100%     -    0s
H    0     0                    4756.0000000    0.00000   100%     -    0s
H    0     0                    4621.0000000    0.00000   100%     -    0s
     0     0    0.00000    0  280 4621.00000    0.00000   100%     -    0s
     0     0   26.00818    0  405 4621.00000   26.00818  99.4%     -    0s
     0     0  235.36842    0  210 4621.00000  235.36842  94.9%     -    1s
H    0     0                    4477.0000000  235.36842  94.7%     -    1s
     0     0  237.05263    0  211 4477.00000  237.05263  94.7%     -    1s
     0     0  237.05263    0  210 4477.00000  237.05263  94.7%     -    1s
     0     0  238.31579    0  210 4477.00000  238.31579  94.7%     -    1s
     0     0  238.73684    0  210 4477.00000  238.73684  94.7%     -    1s
     0     0  239.15789    0  210 4477.00000  239.15789  94.7%     -    1s
     0     0  239.15789    0  211 4477.00000  239.15789  94.7%     -    1s
     0     0  239.46316    0  230 4477.00000  239.46316  94.7%     -    1s
     0     0  240.92632    0  217 4477.00000  240.92632  94.6%     -    1s
     0     0  241.05263    0  214 4477.00000  241.05263  94.6%     -    1s
     0     0  242.10526    0  211 4477.00000  242.10526  94.6%     -    1s
     0     0  242.38596    0  216 4477.00000  242.38596  94.6%     -    1s
     0     0  243.36842    0  214 4477.00000  243.36842  94.6%     -    1s
H    0     0                    4372.0000000  243.36842  94.4%     -    1s
     0     0  243.71930    0  229 4372.00000  243.71930  94.4%     -    1s
     0     0  243.78947    0  211 4372.00000  243.78947  94.4%     -    1s
     0     0  244.14035    0  227 4372.00000  244.14035  94.4%     -    1s
     0     0  244.19737    0  230 4372.00000  244.19737  94.4%     -    1s
     0     0  244.25439    0  250 4372.00000  244.25439  94.4%     -    1s
     0     0  244.26706    0  250 4372.00000  244.26706  94.4%     -    1s
     0     0  245.05263    0  210 4372.00000  245.05263  94.4%     -    1s
H    0     0                    4356.0000000  245.05263  94.4%     -    1s
     0     0  245.33333    0  248 4356.00000  245.33333  94.4%     -    1s
     0     0  246.66197    0  259 4356.00000  246.66197  94.3%     -    1s
     0     0  246.80315    0  259 4356.00000  246.80315  94.3%     -    1s
     0     0  246.93333    0  256 4356.00000  246.93333  94.3%     -    1s
     0     0  246.93333    0  256 4356.00000  246.93333  94.3%     -    2s
     0     0  246.93333    0  256 4356.00000  246.93333  94.3%     -    2s
     0     0  246.93333    0  256 4356.00000  246.93333  94.3%     -    2s
     0     0  246.93333    0  256 4356.00000  246.93333  94.3%     -    2s
     0     2  246.93333    0  256 4356.00000  246.93333  94.3%     -    2s
    13    14  557.99588    4  422 4356.00000  473.76090  89.1%   688    5s
H   27    27                    4311.0000000  473.76090  89.0%   602    7s
    52    49 1367.78549   15  391 4311.00000  473.76090  89.0%   609   10s
H   58    57                    4258.0000000  473.76090  88.9%   576   10s
H   87    81                    4231.0000000  473.76090  88.8%   464   11s
H  150   136                    4225.0000000  473.76090  88.8%   303   12s
H  179   172                    4219.0000000  473.76090  88.8%   264   13s
   290   268  512.46667    4  457 4219.00000  507.77249  88.0%   190   15s
H  301   272                    4177.0000000  507.77249  87.8%   192   16s
   318   288  699.88889    6  351 4177.00000  516.40769  87.6%   208   20s
H  331   293                    4160.0000000  516.40769  87.6%   212   20s
H  366   321                    4131.0000000  516.40769  87.5%   199   21s
H  403   356                    4114.0000000  516.40769  87.4%   182   22s
H  435   376                    4106.0000000  516.40769  87.4%   198   24s
   437   375  918.79802   12  459 4106.00000  516.40769  87.4%   201   25s
H  464   391                    4019.0000000  516.40769  87.2%   219   27s
   474   401  897.62500   17  320 4019.00000  516.40769  87.2%   235   30s
   520   446 1694.16022   22  374 4019.00000  516.40769  87.2%   264   35s
H  570   497                    4013.0000000  516.40769  87.1%   263   37s
H  694   610                    4009.0000000  516.40769  87.1%   224   38s
   734   641 1522.92231   28  256 4009.00000  516.40769  87.1%   217   40s
   747   653  578.94737   11  208 4009.00000  516.40769  87.1%   220   46s
   753   659  889.86667   13  435 4009.00000  565.98580  85.9%   225   54s
   757   661  937.19444   13  426 4009.00000  568.77497  85.8%   229   56s
   769   669 1009.23595   15  453 4009.00000  577.68421  85.6%   237   61s
   789   680 1145.91795   17  471 4009.00000  708.40351  82.3%   247   65s
H  805   654                    4001.0000000  708.40351  82.3%   251   67s
   813   659 1420.04762   20  464 4001.00000  708.40351  82.3%   258   70s
   843   677 1648.87620   23  460 4001.00000  708.40351  82.3%   267   75s
   872   700 1970.62028   26  445 4001.00000  708.40351  82.3%   276   80s
   915   724 2171.04248   32  426 4001.00000  708.40351  82.3%   280   85s
   988   775 2543.03785   40  424 4001.00000  708.40351  82.3%   285   91s
H  990   746                    3981.0000000  708.40351  82.2%   286   91s
H 1047   751                    3970.0000000  708.40351  82.2%   285   94s
  1057   753 2854.06317   48  331 3970.00000  708.40351  82.2%   286   96s
H 1080   745                    3940.0000000  708.40351  82.0%   289   98s
  1090   754 2955.40164   52  329 3940.00000  708.40351  82.0%   288  100s
  1228   835 3665.35499   71  259 3940.00000  708.40351  82.0%   275  105s
  1348   895 1139.89715   16  461 3940.00000  791.43860  79.9%   263  111s
  1390   914 1145.24129   17  460 3940.00000  791.43860  79.9%   263  116s
  1526   982 1453.49682   22  430 3940.00000  791.43860  79.9%   254  120s
H 1592   990                    3938.0000000  791.43860  79.9%   261  124s
  1596   990 1639.80447   26  436 3938.00000  791.43860  79.9%   262  126s
H 1675  1000                    3930.0000000  791.43860  79.9%   264  129s
  1709  1002 1781.56190   29  438 3930.00000  791.43860  79.9%   261  131s
  1786  1062 2096.73250   38  441 3930.00000  791.43860  79.9%   267  136s
  1882  1126 2417.49970   40  396 3930.00000  791.43860  79.9%   266  140s
  2045  1213 2609.05172   44  386 3930.00000  791.43860  79.9%   257  146s
  2131  1239 2773.36200   51  325 3930.00000  791.43860  79.9%   254  150s
  2226  1298 3245.79301   64  326 3930.00000  791.43860  79.9%   254  155s
  2488  1527  976.09660   16  392 3930.00000  884.71822  77.5%   245  160s
  2543  1565 1950.18752   26  489 3930.00000  884.71822  77.5%   254  165s
  2615  1630 2882.80016   41  377 3930.00000  895.59726  77.2%   258  171s
  2766  1741 2062.53297   26  359 3930.00000  917.73538  76.6%   260  178s
  2829  1802 3159.75000   45  258 3930.00000  929.00000  76.4%   261  181s
  2939  1888 1647.85252   21  442 3930.00000  937.19447  76.2%   260  185s
  3069  1998 3341.10831   57  298 3930.00000  937.26660  76.2%   263  191s
  3149  2065 1466.52941   18  424 3930.00000  937.26660  76.2%   265  195s
  3400  2269 1489.21605   15  429 3930.00000  976.09660  75.2%   261  201s
  3512  2365 2335.60000   20  285 3930.00000 1012.14037  74.2%   261  205s
  3870  2666 2333.20580   40  445 3930.00000 1012.14037  74.2%   253  213s
  4012  2783 3719.34058   83  237 3930.00000 1038.92353  73.6%   251  218s
  4115  2869 1367.70000   17  411 3930.00000 1051.79149  73.2%   253  223s
  4271  2973 2224.18872   31  422 3930.00000 1054.32625  73.2%   252  227s
  4447  3119 1452.99513   18  443 3930.00000 1057.74808  73.1%   251  233s
  4618  3257 1704.52114   25  452 3930.00000 1057.74808  73.1%   250  238s
  4769  3390 1905.19555   35  438 3930.00000 1057.74808  73.1%   250  243s
  4892  3479 2493.02524   54  371 3930.00000 1075.61111  72.6%   252  251s
  5114  3682 1317.11111   17  348 3930.00000 1076.03233  72.6%   248  257s
  5243  3782 2976.50000   35  241 3930.00000 1094.54075  72.1%   250  265s
  5513  4004 1908.76360   25  435 3930.00000 1114.71544  71.6%   247  271s
  5699  4168 1505.50337   20  417 3930.00000 1116.00401  71.6%   247  277s
  5877  4281 2677.70378   50  381 3930.00000 1119.56429  71.5%   248  283s
  6098  4452 1715.86175   31  514 3930.00000 1120.59477  71.5%   247  290s
H 6346  4662                    3926.0000000 1126.00713  71.3%   244  290s
  6398  4699 1530.56387   25  530 3926.00000 1134.58613  71.1%   244  297s
  6676  4932 1508.55204   17  426 3926.00000 1140.27517  71.0%   242  300s

Cutting planes:
  Gomory: 3
  Zero half: 11

Explored 6702 nodes (1630514 simplex iterations) in 300.00 seconds
Thread count was 4 (of 4 available processors)

Solution count 10: 3926 3930 3938 ... 4019

Time limit reached
Best objective 3.926000000000e+03, best bound 1.141000000000e+03, gap 70.9373%
===============================
Parado por limite de tempo ou iteracões.
Número de nós explorados: 6702
Melhor limitante dual: 1141.00
Melhor limitante primal: 3926.00
Gap de otimalidade: 70.94
Tempo de execucão: 300.00
