Academic license - for non-commercial use only
Optimize a model with 811 rows, 376 columns and 2704 nonzeros
Variable types: 0 continuous, 376 integer (376 binary)
Coefficient statistics:
  Matrix range     [1e+00, 1e+00]
  Objective range  [5e+01, 5e+02]
  Bounds range     [1e+00, 1e+00]
  RHS range        [1e+00, 7e+00]
Found heuristic solution: objective 24611.000000
Presolve time: 0.01s
Presolved: 811 rows, 376 columns, 2704 nonzeros
Variable types: 0 continuous, 376 integer (376 binary)

Root relaxation: objective 0.000000e+00, 433 iterations, 0.04 seconds

    Nodes    |    Current Node    |     Objective Bounds      |     Work
 Expl Unexpl |  Obj  Depth IntInf | Incumbent    BestBd   Gap | It/Node Time

     0     0    0.00000    0  105 24611.0000    0.00000   100%     -    0s
H    0     0                    21215.000000    0.00000   100%     -    0s
H    0     0                    15000.000000    0.00000   100%     -    0s
H    0     0                    14305.000000    0.00000   100%     -    0s
     0     0    0.00000    0  105 14305.0000    0.00000   100%     -    0s
H    0     0                    14151.000000    0.00000   100%     -    0s
     0     0  109.82835    0  277 14151.0000  109.82835  99.2%     -    0s
     0     0  768.00000    0  106 14151.0000  768.00000  94.6%     -    0s
H    0     0                    13602.000000  768.00000  94.4%     -    0s
H    0     0                    12941.000000  768.00000  94.1%     -    0s
     0     0  768.00000    0  106 12941.0000  768.00000  94.1%     -    0s
     0     0  786.09524    0  114 12941.0000  786.09524  93.9%     -    0s
     0     0  813.28571    0  116 12941.0000  813.28571  93.7%     -    0s
H    0     0                    12503.000000  813.28571  93.5%     -    0s
H    0     0                    12490.000000  813.28571  93.5%     -    0s
     0     0  813.28571    0  116 12490.0000  813.28571  93.5%     -    0s
     0     0  825.28001    0  135 12490.0000  825.28001  93.4%     -    0s
     0     0  825.59510    0  126 12490.0000  825.59510  93.4%     -    0s
     0     0  839.74603    0  130 12490.0000  839.74603  93.3%     -    0s
H    0     0                    12005.000000  839.74603  93.0%     -    0s
     0     0  843.16807    0  116 12005.0000  843.16807  93.0%     -    0s
     0     0  843.16807    0  149 12005.0000  843.16807  93.0%     -    0s
     0     0  850.14286    0  116 12005.0000  850.14286  92.9%     -    0s
     0     0  850.14286    0  116 12005.0000  850.14286  92.9%     -    0s
     0     0  855.27273    0  106 12005.0000  855.27273  92.9%     -    0s
     0     0  855.27273    0  106 12005.0000  855.27273  92.9%     -    0s
     0     0  856.94339    0  147 12005.0000  856.94339  92.9%     -    0s
     0     0  856.94339    0  147 12005.0000  856.94339  92.9%     -    0s
     0     2  856.94339    0  147 12005.0000  856.94339  92.9%     -    1s
H   57    51                    11447.000000 1146.66947  90.0%  90.4    1s
H   86    80                    9954.0000000 1146.66947  88.5%  71.7    1s
H  157   120                    9650.0000000 1904.20494  80.3%  77.5    2s
H  363   267                    9620.0000000 2241.56816  76.7%  76.4    3s
   619   451 7732.39286   23  111 9620.00000 2388.04343  75.2%  72.3    5s
H  674   398                    8157.0000000 2426.10776  70.3%  70.3    5s
H  721   420                    7977.0000000 2426.10776  69.6%  69.0    5s
   735   433 2538.06667   11  274 7977.00000 2426.10776  69.6%  72.3   10s
H 1015   542                    7917.0000000 2520.38639  68.2%  80.3   14s
  1068   538     cutoff   32      7917.00000 2541.06327  67.9%  81.1   15s
H 1125   517                    7809.0000000 2624.52990  66.4%  80.8   15s
H 1380   569                    7774.0000000 3018.42481  61.2%  83.4   19s
  1436   578 4145.44643   17  219 7774.00000 3043.09549  60.9%  82.4   20s
H 1444   554                    7659.0000000 3043.09549  60.3%  82.3   20s
  1957   679 6040.68097   26  212 7659.00000 3338.63756  56.4%  78.7   25s
  2729  1025 4730.32738   18  224 7659.00000 3795.59806  50.4%  73.3   30s
  3453  1324     cutoff   28      7659.00000 3990.45920  47.9%  69.3   35s
  4384  1645 6599.58482   22  176 7659.00000 4174.63080  45.5%  66.3   40s
  5250  1926 6075.94388   22  166 7659.00000 4327.00089  43.5%  64.0   46s
  6208  2264 5103.38587   20  276 7659.00000 4429.10966  42.2%  62.1   51s
  7022  2505     cutoff   28      7659.00000 4528.03276  40.9%  61.1   55s
  8278  2879 7371.68750   28  111 7659.00000 4636.00417  39.5%  58.9   61s
  8929  3067 6911.69048   26  110 7659.00000 4679.95371  38.9%  57.7   65s
 10311  3463 6855.00988   26  191 7659.00000 4782.59630  37.6%  55.9   70s
 11758  3878     cutoff   30      7659.00000 4855.90182  36.6%  54.4   76s
 12781  4159 6898.97727   26  170 7659.00000 4916.63333  35.8%  53.6   80s
 14308  4606 5960.26339   22  203 7659.00000 4989.46313  34.9%  52.6   87s
 14821  4703 6534.59239   22  173 7659.00000 5018.85184  34.5%  52.3   91s
 16292  5088 7399.59028   30  145 7659.00000 5095.26302  33.5%  51.5   96s
 17280  5329 5436.44978   19  223 7659.00000 5129.49856  33.0%  50.9  100s
 18673  5631 6786.09661   26  184 7659.00000 5185.45759  32.3%  50.5  105s
 20153  6000 6714.85459   23  202 7659.00000 5223.30777  31.8%  49.8  110s
 20619  6120 7509.62791   30  150 7659.00000 5238.05463  31.6%  49.6  144s
 21064  6238 7421.33929   26  204 7659.00000 5250.18203  31.5%  49.5  146s
 22301  6526     cutoff   24      7659.00000 5287.07480  31.0%  49.3  151s
 23531  6787 7315.04955   25  186 7659.00000 5324.64385  30.5%  49.2  156s
 24648  7062 infeasible   26      7659.00000 5351.55812  30.1%  49.3  161s
 25886  7286 5942.72857   20  185 7659.00000 5384.58592  29.7%  49.2  166s
 27161  7532 7118.70097   28  218 7659.00000 5415.88686  29.3%  49.1  171s
 28417  7754 6440.27655   25  193 7659.00000 5445.31551  28.9%  49.0  176s
 29670  7983 7341.89008   27  229 7659.00000 5475.20426  28.5%  48.9  181s
 30877  8201 6326.37488   25  218 7659.00000 5500.71020  28.2%  48.8  185s
 32154  8437 6857.68088   24  232 7659.00000 5529.10736  27.8%  48.7  190s
 33342  8678 7187.90816   29  190 7659.00000 5551.99202  27.5%  48.7  195s
 34516  8881 6128.19094   22  224 7659.00000 5576.13781  27.2%  48.6  200s
 35850  9119 6976.28710   24  211 7659.00000 5604.15186  26.8%  48.4  205s
 37104  9301 7265.91071   27  181 7659.00000 5627.91667  26.5%  48.3  210s
 38264  9460 7225.92857   26  203 7659.00000 5652.29286  26.2%  48.3  215s
 39933  9678 6823.74454   29  187 7659.00000 5682.15969  25.8%  48.1  221s
 41209  9864 6473.89373   23  225 7659.00000 5702.52905  25.5%  48.1  226s
 42449 10060 7142.08078   25  212 7659.00000 5722.40357  25.3%  48.0  231s
 43647 10251     cutoff   26      7659.00000 5744.21734  25.0%  47.9  236s
 44893 10402 7504.29383   25  198 7659.00000 5766.40816  24.7%  47.8  240s
 46019 10549 6682.79940   27  121 7659.00000 5782.71655  24.5%  47.6  245s
 47239 10676 6876.71296   23  244 7659.00000 5801.59910  24.3%  47.6  250s
 48487 10805 7491.97262   26  119 7659.00000 5821.09915  24.0%  47.4  255s
 49776 10976     cutoff   27      7659.00000 5842.37786  23.7%  47.3  260s
 51073 11141     cutoff   25      7659.00000 5860.53201  23.5%  47.2  265s
 52825 11342 7519.04762   23  167 7659.00000 5883.36088  23.2%  47.0  271s
 53942 11472     cutoff   26      7659.00000 5900.40466  23.0%  46.9  276s
 55159 11634 6499.37500   26  139 7659.00000 5916.03155  22.8%  46.9  281s
 56457 11795 6646.33608   24  186 7659.00000 5932.43764  22.5%  46.7  285s
 57635 11938 6955.90179   24  188 7659.00000 5947.32556  22.3%  46.7  290s
 58941 12105     cutoff   25      7659.00000 5964.83979  22.1%  46.6  295s
 60631 12336 7424.38889   26  167 7659.00000 5983.09709  21.9%  46.4  300s

Cutting planes:
  Gomory: 5
  Flow cover: 5
  Inf proof: 1
  Zero half: 22
  Mod-K: 3

Explored 60768 nodes (2824027 simplex iterations) in 300.01 seconds
Thread count was 4 (of 4 available processors)

Solution count 10: 7659 7774 7809 ... 11447

Time limit reached
Best objective 7.659000000000e+03, best bound 5.985000000000e+03, gap 21.8566%
===============================
Parado por limite de tempo ou iteracões.
Número de nós explorados: 60768
Melhor limitante dual: 5985.00
Melhor limitante primal: 7659.00
Gap de otimalidade: 21.86
Tempo de execucão: 300.01
